<?xml version="1.0" encoding="UTF-8"?>
<testsuite name="com.example.EngineService.Domain.EngineTest" tests="9" skipped="0" failures="0" errors="0" timestamp="2023-03-04T20:41:57" hostname="LAP-JCERVERA" time="1.464">
  <properties/>
  <testcase name="constructor_shouldThrowIllegalArgumentException_whenProvidingNullEngineType()" classname="com.example.EngineService.Domain.EngineTest" time="0.222"/>
  <testcase name="[1] invalidSerialNumber=null" classname="com.example.EngineService.Domain.EngineTest" time="0.049"/>
  <testcase name="[2] invalidSerialNumber=" classname="com.example.EngineService.Domain.EngineTest" time="0.001"/>
  <testcase name="[3] invalidSerialNumber= " classname="com.example.EngineService.Domain.EngineTest" time="0.001"/>
  <testcase name="toString_shouldShowEngineDataToString_whenProvidingValidValues()" classname="com.example.EngineService.Domain.EngineTest" time="1.08"/>
  <testcase name="setCreationDateTime_shouldModifyEngineCreationDateTime_whenProvidingValidValue()" classname="com.example.EngineService.Domain.EngineTest" time="0.005"/>
  <testcase name="constructor_shouldCreatedExpectedInstance_whenProvidingValidSerialNumberAndEngineType()" classname="com.example.EngineService.Domain.EngineTest" time="0.003"/>
  <testcase name="setDetails_shouldModifyEngineDetails_whenProvidingValidValue()" classname="com.example.EngineService.Domain.EngineTest" time="0.001"/>
  <testcase name="constructor_shouldThrowIllegalArgumentException_whenProvidingSerialNumberStartingWithI()" classname="com.example.EngineService.Domain.EngineTest" time="0.005"/>
  <system-out><![CDATA[]]></system-out>
  <system-err><![CDATA[]]></system-err>
</testsuite>
